<?xml version="1.0" encoding="UTF-8"?>
<testng-results skipped="0" failed="0" total="1" passed="1">
  <reporter-output>
  </reporter-output>
  <suite name="Default suite" duration-ms="15638" started-at="2018-02-28T06:39:02Z" finished-at="2018-02-28T06:39:18Z">
    <groups>
    </groups>
    <test name="Default test" duration-ms="15638" started-at="2018-02-28T06:39:02Z" finished-at="2018-02-28T06:39:18Z">
      <class name="testCases.NewTest">
        <test-method status="PASS" signature="beforeClass()[pri:0, instance:testCases.NewTest@4cc0edeb]" name="beforeClass" is-config="true" duration-ms="4162" started-at="2018-02-28T12:09:02Z" finished-at="2018-02-28T12:09:07Z">
          <reporter-output>
          </reporter-output>
        </test-method> <!-- beforeClass -->
        <test-method status="PASS" signature="openMyFBPage()[pri:0, instance:testCases.NewTest@4cc0edeb]" name="openMyFBPage" duration-ms="10858" started-at="2018-02-28T12:09:07Z" finished-at="2018-02-28T12:09:17Z">
          <reporter-output>
          </reporter-output>
        </test-method> <!-- openMyFBPage -->
        <test-method status="PASS" signature="afterClass()[pri:0, instance:testCases.NewTest@4cc0edeb]" name="afterClass" is-config="true" duration-ms="593" started-at="2018-02-28T12:09:17Z" finished-at="2018-02-28T12:09:18Z">
          <reporter-output>
          </reporter-output>
        </test-method> <!-- afterClass -->
      </class> <!-- testCases.NewTest -->
    </test> <!-- Default test -->
  </suite> <!-- Default suite -->
</testng-results>
